<?xml version="1.0" encoding="UTF-8"?>
<Site BuildName="Linux-g++"
	BuildStamp="20251208-0116-Experimental"
	Name="nguyen-tuan-minh-ThinkPad-P52"
	Generator="ctest-3.28.3"
	CompilerName="/usr/bin/g++"
	CompilerVersion="13.3.0"
	OSName="Linux"
	Hostname="nguyen-tuan-minh-ThinkPad-P52"
	OSRelease="6.14.0-36-generic"
	OSVersion="#36~24.04.1-Ubuntu SMP PREEMPT_DYNAMIC Wed Oct 15 15:45:17 UTC 2"
	OSPlatform="x86_64"
	Is64Bits="1"
	VendorString="GenuineIntel"
	VendorID="Intel Corporation"
	FamilyID="6"
	ModelID="158"
	ProcessorCacheSize="12288"
	NumberOfLogicalCPU="12"
	NumberOfPhysicalCPU="6"
	TotalVirtualMemory="9536"
	TotalPhysicalMemory="63921"
	LogicalProcessorsPerPhysical="2"
	ProcessorClockFrequency="3799.77"
	>
	<Testing>
		<StartDateTime>Dec 08 23:05 +08</StartDateTime>
		<StartTestTime>1765206358</StartTestTime>
		<TestList/>
		<EndDateTime>Dec 08 23:05 +08</EndDateTime>
		<EndTestTime>1765206358</EndTestTime>
		<ElapsedMinutes>0</ElapsedMinutes>
	</Testing>
</Site>
