<?xml version="1.0" encoding="UTF-8"?>
<Site BuildName="Linux-g++"
	BuildStamp="20251210-1322-Experimental"
	Name="nguyen-tuan-minh-ThinkPad-P52"
	Generator="ctest-3.28.3"
	CompilerName="/usr/bin/g++"
	CompilerVersion="13.3.0"
	OSName="Linux"
	Hostname="nguyen-tuan-minh-ThinkPad-P52"
	OSRelease="6.14.0-37-generic"
	OSVersion="#37~24.04.1-Ubuntu SMP PREEMPT_DYNAMIC Thu Nov 20 10:25:38 UTC 2"
	OSPlatform="x86_64"
	Is64Bits="1"
	VendorString="GenuineIntel"
	VendorID="Intel Corporation"
	FamilyID="6"
	ModelID="158"
	ProcessorCacheSize="12288"
	NumberOfLogicalCPU="12"
	NumberOfPhysicalCPU="6"
	TotalVirtualMemory="9536"
	TotalPhysicalMemory="63921"
	LogicalProcessorsPerPhysical="2"
	ProcessorClockFrequency="4092.5"
	>
	<Testing>
		<StartDateTime>Dec 10 21:22 +08</StartDateTime>
		<StartTestTime>1765372965</StartTestTime>
		<TestList/>
		<EndDateTime>Dec 10 21:22 +08</EndDateTime>
		<EndTestTime>1765372965</EndTestTime>
		<ElapsedMinutes>0</ElapsedMinutes>
	</Testing>
</Site>
